[2018-07-30 01:53:42,566] multiqc                                            [DEBUG  ]  No MultiQC config found: /mnt/nexenta/lanno001/nobackup/poreTally_ecoli_20180726/envs/.snakemake/conda/0a0a5715/lib/python3.5/site-packages/multiqc_config.yaml
[2018-07-30 01:53:42,568] multiqc                                            [DEBUG  ]  No MultiQC config found: /home/lanno001/.multiqc_config.yaml
[2018-07-30 01:53:42,569] multiqc                                            [DEBUG  ]  No MultiQC config found: multiqc_config.yaml
[2018-07-30 01:53:42,569] multiqc                                            [DEBUG  ]  Command used: /mnt/nexenta/lanno001/nobackup/poreTally_ecoli_20180726/envs/.snakemake/conda/0a0a5715/bin/multiqc -i Assembler Benchmark report --filename REPORT -o . -f -p --tag assembler_benchmark --template assembler_benchmark /mnt/nexenta/lanno001/nobackup/poreTally_ecoli_20180726/analysis/summary/ --data-format yaml
[2018-07-30 01:53:43,048] multiqc                                            [DEBUG  ]  Latest MultiQC version is v1.5
[2018-07-30 01:53:43,049] multiqc                                            [INFO   ]  This is MultiQC v1.5.dev0
[2018-07-30 01:53:43,049] multiqc                                            [DEBUG  ]  Command     : /mnt/nexenta/lanno001/nobackup/poreTally_ecoli_20180726/envs/.snakemake/conda/0a0a5715/bin/multiqc -i Assembler Benchmark report --filename REPORT -o . -f -p --tag assembler_benchmark --template assembler_benchmark /mnt/nexenta/lanno001/nobackup/poreTally_ecoli_20180726/analysis/summary/ --data-format yaml
[2018-07-30 01:53:43,049] multiqc                                            [DEBUG  ]  Working dir : /mnt/nexenta/lanno001/nobackup/poreTally_ecoli_20180726/analysis/summary
[2018-07-30 01:53:43,049] multiqc                                            [INFO   ]  Template    : assembler_benchmark
[2018-07-30 01:53:43,049] multiqc                                            [INFO   ]  Report title: Assembler Benchmark report
[2018-07-30 01:53:43,049] multiqc                                            [INFO   ]  Searching '/mnt/nexenta/lanno001/nobackup/poreTally_ecoli_20180726/analysis/summary/'
[2018-07-30 01:53:43,050] multiqc                                            [INFO   ]  Only using modules with 'assembler_benchmark' tag
[2018-07-30 01:53:43,050] multiqc                                            [DEBUG  ]  Analysing modules: ab_methods_section, ab_read_quality, quast, jellyfish, mummerplot, ab_cpu_times, nucmer
[2018-07-30 01:53:43,050] multiqc                                            [DEBUG  ]  Using temporary directory for creating report: /tmp/tmph9flu0wg
[2018-07-30 01:53:43,263] multiqc                                            [DEBUG  ]  Ignored search patterns as didn't match running modules: picard/gcbias, samtools/stats, peddy/ped_check, bbmap/mhist, slamdunk/rates, rseqc/read_gc, bowtie1, bbmap/ihist, conpair/contamination, bbmap/qahist, afterqc, vcftools/tstv_by_count, samtools/rmdup, trimmomatic, rseqc/read_distribution, picard/markdups, sortmerna, supernova/molecules, bbmap/covstats, interop/summary, bcftools/stats, qualimap/bamqc/insert_size, goleft_indexcov/roc, deeptools/plotCoverageStdout, peddy/het_check, bismark/dedup, fastqc/zip, featurecounts, supernova/kmers, rseqc/gene_body_coverage, deeptools/estimateReadFiltering, peddy/sex_check, bismark/align, fastqc/data, bbmap/lhist, cutadapt, picard/rrbs_metrics, homer/FreqDistribution, bbmap/qhist, qualimap/bamqc/genome_fraction, rna_seqc/coverage, fastq_screen, biobloomtools, gatk/base_recalibrator, preseq, picard/wgs_metrics, qualimap/bamqc/coverage, bcl2fastq, deeptools/plotFingerprintOutRawCounts, interop/index-summary, leehom, hicup, rna_seqc/metrics, preseq/real_counts, clusterflow/logs, supernova/summary, samtools/flagstat, disambiguate, bbmap/rpkm, homer/GCcontent, bbmap/bqhist, rseqc/infer_experiment, bowtie2, homer/findpeaks, salmon/fld, bbmap/idhist, rseqc/read_duplication_pos, bbmap/covhist, supernova/report, slamdunk/utrrates, rseqc/junction_saturation, vcftools/tstv_summary, rseqc/inner_distance, picard/pcr_metrics, snpeff, bamtools/stats, homer/RestrictionDistribution, deeptools/plotCoverageOutRawCounts, tophat, flexbar, htseq, qualimap/bamqc/gc_dist, qualimap/rnaseq/coverage, deeptools/plotFingerprintOutQualityMetrics, bbmap/aqhist, hicexplorer, bbmap/gchist, sargasso, deeptools/bamPEFragmentSize, gatk/varianteval, clusterflow/runfiles, slamdunk/summary, picard/oxogmetrics, qorts, qualimap/bamqc/genome_results, bismark/m_bias, homer/tagInfo, bbmap/indelhist, macs2, rna_seqc/correlation, picard/hsmetrics, methylQA, bbmap/bincov, slamdunk/tcperreadpos, bismark/bam2nuc, picard/basedistributionbycycle, conpair/concordance, slamdunk/tcperutrpos, picard/insertsize, custom_content, bismark/meth_extract, homer/LengthDistribution, bbmap/bhist, qualimap/rnaseq/rnaseq_results, picard/rnaseqmetrics, star/genecounts, rsem, deeptools/plotEnrichment, prokka, homer/genomeGCcontent, rseqc/junction_annotation, peddy/summary_table, bbmap/statsfile, bbmap/statsfile_machine, hisat2, fastqc/theoretical_gc, salmon/meta, samtools/idxstats, vcftools/tstv_by_qual, vcftools/relatedness2, picard/alignment_metrics, skewer, slamdunk/PCA, star, busco, samblaster, adapterRemoval, bbmap/ehist, goleft_indexcov/ped, rseqc/bam_stat, kallisto, verifybamid/selfsm, theta2
[2018-07-30 01:53:47,044] multiqc.modules.ab_read_quality.ab_read_quality    [INFO   ]  found nanostats file
[2018-07-30 01:53:48,535] multiqc.modules.quast.quast                        [INFO   ]  Found 2 reports
[2018-07-30 01:53:50,540] multiqc.modules.jellyfish.jellyfish                [INFO   ]  Found 0 histogram files
[2018-07-30 01:53:50,540] multiqc.modules.jellyfish.jellyfish                [INFO   ]  Found 3 count (dump) files
[2018-07-30 01:53:51,130] multiqc                                            [DEBUG  ]  No samples found: mummerplot
[2018-07-30 01:53:51,163] multiqc.modules.ab_cpu_times.ab_cpu_times          [INFO   ]  found CPU resource files
[2018-07-30 01:53:51,281] multiqc.modules.nucmer.nucmer                      [INFO   ]  found nucmer coord files
[2018-07-30 01:53:51,564] multiqc                                            [INFO   ]  Compressing plot data
[2018-07-30 01:53:51,786] multiqc                                            [INFO   ]  Report      : multiqc_report/REPORT.html
[2018-07-30 01:53:51,786] multiqc                                            [INFO   ]  Data        : multiqc_report/REPORT_data
[2018-07-30 01:53:51,788] multiqc                                            [DEBUG  ]  Moving data file from '/tmp/tmph9flu0wg/multiqc_data/ab_methods.yaml' to './multiqc_report/REPORT_data'
[2018-07-30 01:53:51,793] multiqc                                            [DEBUG  ]  Moving data file from '/tmp/tmph9flu0wg/multiqc_data/multiqc_data.json' to './multiqc_report/REPORT_data'
[2018-07-30 01:53:51,801] multiqc                                            [DEBUG  ]  Moving data file from '/tmp/tmph9flu0wg/multiqc_data/multiqc_general_stats.yaml' to './multiqc_report/REPORT_data'
[2018-07-30 01:53:51,806] multiqc                                            [DEBUG  ]  Moving data file from '/tmp/tmph9flu0wg/multiqc_data/cpu_usage.yaml' to './multiqc_report/REPORT_data'
[2018-07-30 01:53:51,810] multiqc                                            [DEBUG  ]  Moving data file from '/tmp/tmph9flu0wg/multiqc_data/mqc_quast_num_contigs_1.yaml' to './multiqc_report/REPORT_data'
[2018-07-30 01:53:51,814] multiqc                                            [DEBUG  ]  Moving data file from '/tmp/tmph9flu0wg/multiqc_data/multiqc_readqual_summary.yaml' to './multiqc_report/REPORT_data'
[2018-07-30 01:53:51,819] multiqc                                            [DEBUG  ]  Moving data file from '/tmp/tmph9flu0wg/multiqc_data/multiqc_sources.yaml' to './multiqc_report/REPORT_data'
[2018-07-30 01:53:51,823] multiqc                                            [DEBUG  ]  Moving data file from '/tmp/tmph9flu0wg/multiqc_data/multiqc_quast.yaml' to './multiqc_report/REPORT_data'
[2018-07-30 01:53:51,827] multiqc                                            [INFO   ]  Plots       : multiqc_report/multiqc_plots
[2018-07-30 01:53:51,827] multiqc                                            [DEBUG  ]  Moving plots directory from '/tmp/tmph9flu0wg/multiqc_plots/svg' to './multiqc_report/multiqc_plots'
[2018-07-30 01:53:51,841] multiqc                                            [DEBUG  ]  Moving plots directory from '/tmp/tmph9flu0wg/multiqc_plots/pdf' to './multiqc_report/multiqc_plots'
[2018-07-30 01:53:51,852] multiqc                                            [DEBUG  ]  Moving plots directory from '/tmp/tmph9flu0wg/multiqc_plots/png' to './multiqc_report/multiqc_plots'
[2018-07-30 01:53:52,453] multiqc                                            [INFO   ]  MultiQC complete
