START METHODS PRINTING
description: Minimap2 is a fast all-vs-all mapper of reads that relies on sketches of sequences, composed of minimizers. Miniasm uses the found overlaps to construct an assembly graph. As a consensus step is lacking in this pipeline, post-assembly polishing is often required. Here, nanopolish is used to polish the assembly using the raw signal.
versions:
  minimap2: 2.10-r761
  miniasm: 0.2-r128
  nanopolish: 0.9.2
END METHODS PRINTING



[M::mm_idx_gen::0.228*0.98] collected minimizers
[M::mm_idx_gen::0.288*1.25] sorted minimizers
[M::main::0.463*0.92] loaded/built the index for 1 target sequence(s)
[M::mm_idx_stat] kmer size: 15; skip: 10; is_hpc: 0; #seq: 1
[M::mm_idx_stat::0.473*0.92] distinct minimizers: 774337 (98.98% are singletons); average occurrences: 1.012; average spacing: 5.353
[M::main] Version: 2.10-r761
[M::main] CMD: minimap2 -d draft.mmi minimap2_miniasm.fasta
[M::main] Real time: 0.485 sec; CPU: 0.444 sec
[bam_sort_core] merging from 0 files and 16 in-memory blocks...
[readdb] indexing /mnt/nexenta/lanno001/nobackup/readFiles/ecoliLoman/ecoliLoman_mapped_subset/
[readdb] num reads: 50000, num reads with path to fast5: 25000
##fileformat=VCFv4.2
##INFO=<ID=TotalReads,Number=1,Type=Integer,Description="The number of event-space reads used to call the variant">
##INFO=<ID=SupportFraction,Number=1,Type=Float,Description="The fraction of event-space reads that support the variant">
##INFO=<ID=BaseCalledReadsWithVariant,Number=1,Type=Integer,Description="The number of base-space reads that support the variant">
##INFO=<ID=BaseCalledFraction,Number=1,Type=Float,Description="The fraction of base-space reads that support the variant">
##INFO=<ID=AlleleCount,Number=1,Type=Integer,Description="The inferred number of copies of the allele">
##FORMAT=<ID=GT,Number=1,Type=String,Description="Genotype">
#CHROM	POS	ID	REF	ALT	QUAL	FILTER	INFO	FORMAT	sample
[post-run summary] total reads: 522, unparseable: 0, qc fail: 0, could not calibrate: 0, no alignment: 0, bad fast5: 522
##fileformat=VCFv4.2
##INFO=<ID=TotalReads,Number=1,Type=Integer,Description="The number of event-space reads used to call the variant">
##INFO=<ID=SupportFraction,Number=1,Type=Float,Description="The fraction of event-space reads that support the variant">
##INFO=<ID=BaseCalledReadsWithVariant,Number=1,Type=Integer,Description="The number of base-space reads that support the variant">
##INFO=<ID=BaseCalledFraction,Number=1,Type=Float,Description="The fraction of base-space reads that support the variant">
##INFO=<ID=AlleleCount,Number=1,Type=Integer,Description="The inferred number of copies of the allele">
##FORMAT=<ID=GT,Number=1,Type=String,Description="Genotype">
#CHROM	POS	ID	REF	ALT	QUAL	FILTER	INFO	FORMAT	sample
[post-run summary] total reads: 542, unparseable: 0, qc fail: 0, could not calibrate: 0, no alignment: 0, bad fast5: 542
##fileformat=VCFv4.2
##INFO=<ID=TotalReads,Number=1,Type=Integer,Description="The number of event-space reads used to call the variant">
##INFO=<ID=SupportFraction,Number=1,Type=Float,Description="The fraction of event-space reads that support the variant">
##INFO=<ID=BaseCalledReadsWithVariant,Number=1,Type=Integer,Description="The number of base-space reads that support the variant">
##INFO=<ID=BaseCalledFraction,Number=1,Type=Float,Description="The fraction of base-space reads that support the variant">
##INFO=<ID=AlleleCount,Number=1,Type=Integer,Description="The inferred number of copies of the allele">
##FORMAT=<ID=GT,Number=1,Type=String,Description="Genotype">
#CHROM	POS	ID	REF	ALT	QUAL	FILTER	INFO	FORMAT	sample
[post-run summary] total reads: 511, unparseable: 0, qc fail: 0, could not calibrate: 0, no alignment: 0, bad fast5: 511
##fileformat=VCFv4.2
##INFO=<ID=TotalReads,Number=1,Type=Integer,Description="The number of event-space reads used to call the variant">
##INFO=<ID=SupportFraction,Number=1,Type=Float,Description="The fraction of event-space reads that support the variant">
##INFO=<ID=BaseCalledReadsWithVariant,Number=1,Type=Integer,Description="The number of base-space reads that support the variant">
##INFO=<ID=BaseCalledFraction,Number=1,Type=Float,Description="The fraction of base-space reads that support the variant">
##INFO=<ID=AlleleCount,Number=1,Type=Integer,Description="The inferred number of copies of the allele">
##FORMAT=<ID=GT,Number=1,Type=String,Description="Genotype">
#CHROM	POS	ID	REF	ALT	QUAL	FILTER	INFO	FORMAT	sample
[post-run summary] total reads: 479, unparseable: 0, qc fail: 0, could not calibrate: 0, no alignment: 0, bad fast5: 479
##fileformat=VCFv4.2
##INFO=<ID=TotalReads,Number=1,Type=Integer,Description="The number of event-space reads used to call the variant">
##INFO=<ID=SupportFraction,Number=1,Type=Float,Description="The fraction of event-space reads that support the variant">
##INFO=<ID=BaseCalledReadsWithVariant,Number=1,Type=Integer,Description="The number of base-space reads that support the variant">
##INFO=<ID=BaseCalledFraction,Number=1,Type=Float,Description="The fraction of base-space reads that support the variant">
##INFO=<ID=AlleleCount,Number=1,Type=Integer,Description="The inferred number of copies of the allele">
##FORMAT=<ID=GT,Number=1,Type=String,Description="Genotype">
#CHROM	POS	ID	REF	ALT	QUAL	FILTER	INFO	FORMAT	sample
[post-run summary] total reads: 457, unparseable: 0, qc fail: 0, could not calibrate: 0, no alignment: 0, bad fast5: 457
##fileformat=VCFv4.2
##INFO=<ID=TotalReads,Number=1,Type=Integer,Description="The number of event-space reads used to call the variant">
##INFO=<ID=SupportFraction,Number=1,Type=Float,Description="The fraction of event-space reads that support the variant">
##INFO=<ID=BaseCalledReadsWithVariant,Number=1,Type=Integer,Description="The number of base-space reads that support the variant">
##INFO=<ID=BaseCalledFraction,Number=1,Type=Float,Description="The fraction of base-space reads that support the variant">
##INFO=<ID=AlleleCount,Number=1,Type=Integer,Description="The inferred number of copies of the allele">
##FORMAT=<ID=GT,Number=1,Type=String,Description="Genotype">
#CHROM	POS	ID	REF	ALT	QUAL	FILTER	INFO	FORMAT	sample
[post-run summary] total reads: 484, unparseable: 0, qc fail: 0, could not calibrate: 0, no alignment: 0, bad fast5: 484
##fileformat=VCFv4.2
##INFO=<ID=TotalReads,Number=1,Type=Integer,Description="The number of event-space reads used to call the variant">
##INFO=<ID=SupportFraction,Number=1,Type=Float,Description="The fraction of event-space reads that support the variant">
##INFO=<ID=BaseCalledReadsWithVariant,Number=1,Type=Integer,Description="The number of base-space reads that support the variant">
##INFO=<ID=BaseCalledFraction,Number=1,Type=Float,Description="The fraction of base-space reads that support the variant">
##INFO=<ID=AlleleCount,Number=1,Type=Integer,Description="The inferred number of copies of the allele">
##FORMAT=<ID=GT,Number=1,Type=String,Description="Genotype">
#CHROM	POS	ID	REF	ALT	QUAL	FILTER	INFO	FORMAT	sample
[post-run summary] total reads: 453, unparseable: 0, qc fail: 0, could not calibrate: 0, no alignment: 0, bad fast5: 453
##fileformat=VCFv4.2
##INFO=<ID=TotalReads,Number=1,Type=Integer,Description="The number of event-space reads used to call the variant">
##INFO=<ID=SupportFraction,Number=1,Type=Float,Description="The fraction of event-space reads that support the variant">
##INFO=<ID=BaseCalledReadsWithVariant,Number=1,Type=Integer,Description="The number of base-space reads that support the variant">
##INFO=<ID=BaseCalledFraction,Number=1,Type=Float,Description="The fraction of base-space reads that support the variant">
##INFO=<ID=AlleleCount,Number=1,Type=Integer,Description="The inferred number of copies of the allele">
##FORMAT=<ID=GT,Number=1,Type=String,Description="Genotype">
#CHROM	POS	ID	REF	ALT	QUAL	FILTER	INFO	FORMAT	sample
[post-run summary] total reads: 471, unparseable: 0, qc fail: 0, could not calibrate: 0, no alignment: 0, bad fast5: 471
##fileformat=VCFv4.2
##INFO=<ID=TotalReads,Number=1,Type=Integer,Description="The number of event-space reads used to call the variant">
##INFO=<ID=SupportFraction,Number=1,Type=Float,Description="The fraction of event-space reads that support the variant">
##INFO=<ID=BaseCalledReadsWithVariant,Number=1,Type=Integer,Description="The number of base-space reads that support the variant">
##INFO=<ID=BaseCalledFraction,Number=1,Type=Float,Description="The fraction of base-space reads that support the variant">
##INFO=<ID=AlleleCount,Number=1,Type=Integer,Description="The inferred number of copies of the allele">
##FORMAT=<ID=GT,Number=1,Type=String,Description="Genotype">
#CHROM	POS	ID	REF	ALT	QUAL	FILTER	INFO	FORMAT	sample
[post-run summary] total reads: 479, unparseable: 0, qc fail: 0, could not calibrate: 0, no alignment: 0, bad fast5: 479
##fileformat=VCFv4.2
##INFO=<ID=TotalReads,Number=1,Type=Integer,Description="The number of event-space reads used to call the variant">
##INFO=<ID=SupportFraction,Number=1,Type=Float,Description="The fraction of event-space reads that support the variant">
##INFO=<ID=BaseCalledReadsWithVariant,Number=1,Type=Integer,Description="The number of base-space reads that support the variant">
##INFO=<ID=BaseCalledFraction,Number=1,Type=Float,Description="The fraction of base-space reads that support the variant">
##INFO=<ID=AlleleCount,Number=1,Type=Integer,Description="The inferred number of copies of the allele">
##FORMAT=<ID=GT,Number=1,Type=String,Description="Genotype">
#CHROM	POS	ID	REF	ALT	QUAL	FILTER	INFO	FORMAT	sample
[post-run summary] total reads: 522, unparseable: 0, qc fail: 0, could not calibrate: 0, no alignment: 0, bad fast5: 522
##fileformat=VCFv4.2
##INFO=<ID=TotalReads,Number=1,Type=Integer,Description="The number of event-space reads used to call the variant">
##INFO=<ID=SupportFraction,Number=1,Type=Float,Description="The fraction of event-space reads that support the variant">
##INFO=<ID=BaseCalledReadsWithVariant,Number=1,Type=Integer,Description="The number of base-space reads that support the variant">
##INFO=<ID=BaseCalledFraction,Number=1,Type=Float,Description="The fraction of base-space reads that support the variant">
##INFO=<ID=AlleleCount,Number=1,Type=Integer,Description="The inferred number of copies of the allele">
##FORMAT=<ID=GT,Number=1,Type=String,Description="Genotype">
#CHROM	POS	ID	REF	ALT	QUAL	FILTER	INFO	FORMAT	sample
[post-run summary] total reads: 494, unparseable: 0, qc fail: 0, could not calibrate: 0, no alignment: 0, bad fast5: 494
##fileformat=VCFv4.2
##INFO=<ID=TotalReads,Number=1,Type=Integer,Description="The number of event-space reads used to call the variant">
##INFO=<ID=SupportFraction,Number=1,Type=Float,Description="The fraction of event-space reads that support the variant">
##INFO=<ID=BaseCalledReadsWithVariant,Number=1,Type=Integer,Description="The number of base-space reads that support the variant">
##INFO=<ID=BaseCalledFraction,Number=1,Type=Float,Description="The fraction of base-space reads that support the variant">
##INFO=<ID=AlleleCount,Number=1,Type=Integer,Description="The inferred number of copies of the allele">
##FORMAT=<ID=GT,Number=1,Type=String,Description="Genotype">
#CHROM	POS	ID	REF	ALT	QUAL	FILTER	INFO	FORMAT	sample
[post-run summary] total reads: 549, unparseable: 0, qc fail: 0, could not calibrate: 0, no alignment: 0, bad fast5: 549
##fileformat=VCFv4.2
##INFO=<ID=TotalReads,Number=1,Type=Integer,Description="The number of event-space reads used to call the variant">
##INFO=<ID=SupportFraction,Number=1,Type=Float,Description="The fraction of event-space reads that support the variant">
##INFO=<ID=BaseCalledReadsWithVariant,Number=1,Type=Integer,Description="The number of base-space reads that support the variant">
##INFO=<ID=BaseCalledFraction,Number=1,Type=Float,Description="The fraction of base-space reads that support the variant">
##INFO=<ID=AlleleCount,Number=1,Type=Integer,Description="The inferred number of copies of the allele">
##FORMAT=<ID=GT,Number=1,Type=String,Description="Genotype">
#CHROM	POS	ID	REF	ALT	QUAL	FILTER	INFO	FORMAT	sample
[post-run summary] total reads: 482, unparseable: 0, qc fail: 0, could not calibrate: 0, no alignment: 0, bad fast5: 482
##fileformat=VCFv4.2
##INFO=<ID=TotalReads,Number=1,Type=Integer,Description="The number of event-space reads used to call the variant">
##INFO=<ID=SupportFraction,Number=1,Type=Float,Description="The fraction of event-space reads that support the variant">
##INFO=<ID=BaseCalledReadsWithVariant,Number=1,Type=Integer,Description="The number of base-space reads that support the variant">
##INFO=<ID=BaseCalledFraction,Number=1,Type=Float,Description="The fraction of base-space reads that support the variant">
##INFO=<ID=AlleleCount,Number=1,Type=Integer,Description="The inferred number of copies of the allele">
##FORMAT=<ID=GT,Number=1,Type=String,Description="Genotype">
#CHROM	POS	ID	REF	ALT	QUAL	FILTER	INFO	FORMAT	sample
[post-run summary] total reads: 473, unparseable: 0, qc fail: 0, could not calibrate: 0, no alignment: 0, bad fast5: 473
##fileformat=VCFv4.2
##INFO=<ID=TotalReads,Number=1,Type=Integer,Description="The number of event-space reads used to call the variant">
##INFO=<ID=SupportFraction,Number=1,Type=Float,Description="The fraction of event-space reads that support the variant">
##INFO=<ID=BaseCalledReadsWithVariant,Number=1,Type=Integer,Description="The number of base-space reads that support the variant">
##INFO=<ID=BaseCalledFraction,Number=1,Type=Float,Description="The fraction of base-space reads that support the variant">
##INFO=<ID=AlleleCount,Number=1,Type=Integer,Description="The inferred number of copies of the allele">
##FORMAT=<ID=GT,Number=1,Type=String,Description="Genotype">
#CHROM	POS	ID	REF	ALT	QUAL	FILTER	INFO	FORMAT	sample
[post-run summary] total reads: 498, unparseable: 0, qc fail: 0, could not calibrate: 0, no alignment: 0, bad fast5: 498
##fileformat=VCFv4.2
##INFO=<ID=TotalReads,Number=1,Type=Integer,Description="The number of event-space reads used to call the variant">
##INFO=<ID=SupportFraction,Number=1,Type=Float,Description="The fraction of event-space reads that support the variant">
##INFO=<ID=BaseCalledReadsWithVariant,Number=1,Type=Integer,Description="The number of base-space reads that support the variant">
##INFO=<ID=BaseCalledFraction,Number=1,Type=Float,Description="The fraction of base-space reads that support the variant">
##INFO=<ID=AlleleCount,Number=1,Type=Integer,Description="The inferred number of copies of the allele">
##FORMAT=<ID=GT,Number=1,Type=String,Description="Genotype">
#CHROM	POS	ID	REF	ALT	QUAL	FILTER	INFO	FORMAT	sample
[post-run summary] total reads: 476, unparseable: 0, qc fail: 0, could not calibrate: 0, no alignment: 0, bad fast5: 476
##fileformat=VCFv4.2
##INFO=<ID=TotalReads,Number=1,Type=Integer,Description="The number of event-space reads used to call the variant">
##INFO=<ID=SupportFraction,Number=1,Type=Float,Description="The fraction of event-space reads that support the variant">
##INFO=<ID=BaseCalledReadsWithVariant,Number=1,Type=Integer,Description="The number of base-space reads that support the variant">
##INFO=<ID=BaseCalledFraction,Number=1,Type=Float,Description="The fraction of base-space reads that support the variant">
##INFO=<ID=AlleleCount,Number=1,Type=Integer,Description="The inferred number of copies of the allele">
##FORMAT=<ID=GT,Number=1,Type=String,Description="Genotype">
#CHROM	POS	ID	REF	ALT	QUAL	FILTER	INFO	FORMAT	sample
[post-run summary] total reads: 500, unparseable: 0, qc fail: 0, could not calibrate: 0, no alignment: 0, bad fast5: 500
##fileformat=VCFv4.2
##INFO=<ID=TotalReads,Number=1,Type=Integer,Description="The number of event-space reads used to call the variant">
##INFO=<ID=SupportFraction,Number=1,Type=Float,Description="The fraction of event-space reads that support the variant">
##INFO=<ID=BaseCalledReadsWithVariant,Number=1,Type=Integer,Description="The number of base-space reads that support the variant">
##INFO=<ID=BaseCalledFraction,Number=1,Type=Float,Description="The fraction of base-space reads that support the variant">
##INFO=<ID=AlleleCount,Number=1,Type=Integer,Description="The inferred number of copies of the allele">
##FORMAT=<ID=GT,Number=1,Type=String,Description="Genotype">
#CHROM	POS	ID	REF	ALT	QUAL	FILTER	INFO	FORMAT	sample
[post-run summary] total reads: 489, unparseable: 0, qc fail: 0, could not calibrate: 0, no alignment: 0, bad fast5: 489
##fileformat=VCFv4.2
##INFO=<ID=TotalReads,Number=1,Type=Integer,Description="The number of event-space reads used to call the variant">
##INFO=<ID=SupportFraction,Number=1,Type=Float,Description="The fraction of event-space reads that support the variant">
##INFO=<ID=BaseCalledReadsWithVariant,Number=1,Type=Integer,Description="The number of base-space reads that support the variant">
##INFO=<ID=BaseCalledFraction,Number=1,Type=Float,Description="The fraction of base-space reads that support the variant">
##INFO=<ID=AlleleCount,Number=1,Type=Integer,Description="The inferred number of copies of the allele">
##FORMAT=<ID=GT,Number=1,Type=String,Description="Genotype">
#CHROM	POS	ID	REF	ALT	QUAL	FILTER	INFO	FORMAT	sample
[post-run summary] total reads: 471, unparseable: 0, qc fail: 0, could not calibrate: 0, no alignment: 0, bad fast5: 471
##fileformat=VCFv4.2
##INFO=<ID=TotalReads,Number=1,Type=Integer,Description="The number of event-space reads used to call the variant">
##INFO=<ID=SupportFraction,Number=1,Type=Float,Description="The fraction of event-space reads that support the variant">
##INFO=<ID=BaseCalledReadsWithVariant,Number=1,Type=Integer,Description="The number of base-space reads that support the variant">
##INFO=<ID=BaseCalledFraction,Number=1,Type=Float,Description="The fraction of base-space reads that support the variant">
##INFO=<ID=AlleleCount,Number=1,Type=Integer,Description="The inferred number of copies of the allele">
##FORMAT=<ID=GT,Number=1,Type=String,Description="Genotype">
#CHROM	POS	ID	REF	ALT	QUAL	FILTER	INFO	FORMAT	sample
[post-run summary] total reads: 495, unparseable: 0, qc fail: 0, could not calibrate: 0, no alignment: 0, bad fast5: 495
##fileformat=VCFv4.2
##INFO=<ID=TotalReads,Number=1,Type=Integer,Description="The number of event-space reads used to call the variant">
##INFO=<ID=SupportFraction,Number=1,Type=Float,Description="The fraction of event-space reads that support the variant">
##INFO=<ID=BaseCalledReadsWithVariant,Number=1,Type=Integer,Description="The number of base-space reads that support the variant">
##INFO=<ID=BaseCalledFraction,Number=1,Type=Float,Description="The fraction of base-space reads that support the variant">
##INFO=<ID=AlleleCount,Number=1,Type=Integer,Description="The inferred number of copies of the allele">
##FORMAT=<ID=GT,Number=1,Type=String,Description="Genotype">
#CHROM	POS	ID	REF	ALT	QUAL	FILTER	INFO	FORMAT	sample
[post-run summary] total reads: 495, unparseable: 0, qc fail: 0, could not calibrate: 0, no alignment: 0, bad fast5: 495
##fileformat=VCFv4.2
##INFO=<ID=TotalReads,Number=1,Type=Integer,Description="The number of event-space reads used to call the variant">
##INFO=<ID=SupportFraction,Number=1,Type=Float,Description="The fraction of event-space reads that support the variant">
##INFO=<ID=BaseCalledReadsWithVariant,Number=1,Type=Integer,Description="The number of base-space reads that support the variant">
##INFO=<ID=BaseCalledFraction,Number=1,Type=Float,Description="The fraction of base-space reads that support the variant">
##INFO=<ID=AlleleCount,Number=1,Type=Integer,Description="The inferred number of copies of the allele">
##FORMAT=<ID=GT,Number=1,Type=String,Description="Genotype">
#CHROM	POS	ID	REF	ALT	QUAL	FILTER	INFO	FORMAT	sample
[post-run summary] total reads: 503, unparseable: 0, qc fail: 0, could not calibrate: 0, no alignment: 0, bad fast5: 503
##fileformat=VCFv4.2
##INFO=<ID=TotalReads,Number=1,Type=Integer,Description="The number of event-space reads used to call the variant">
##INFO=<ID=SupportFraction,Number=1,Type=Float,Description="The fraction of event-space reads that support the variant">
##INFO=<ID=BaseCalledReadsWithVariant,Number=1,Type=Integer,Description="The number of base-space reads that support the variant">
##INFO=<ID=BaseCalledFraction,Number=1,Type=Float,Description="The fraction of base-space reads that support the variant">
##INFO=<ID=AlleleCount,Number=1,Type=Integer,Description="The inferred number of copies of the allele">
##FORMAT=<ID=GT,Number=1,Type=String,Description="Genotype">
#CHROM	POS	ID	REF	ALT	QUAL	FILTER	INFO	FORMAT	sample
[post-run summary] total reads: 497, unparseable: 0, qc fail: 0, could not calibrate: 0, no alignment: 0, bad fast5: 497
##fileformat=VCFv4.2
##INFO=<ID=TotalReads,Number=1,Type=Integer,Description="The number of event-space reads used to call the variant">
##INFO=<ID=SupportFraction,Number=1,Type=Float,Description="The fraction of event-space reads that support the variant">
##INFO=<ID=BaseCalledReadsWithVariant,Number=1,Type=Integer,Description="The number of base-space reads that support the variant">
##INFO=<ID=BaseCalledFraction,Number=1,Type=Float,Description="The fraction of base-space reads that support the variant">
##INFO=<ID=AlleleCount,Number=1,Type=Integer,Description="The inferred number of copies of the allele">
##FORMAT=<ID=GT,Number=1,Type=String,Description="Genotype">
#CHROM	POS	ID	REF	ALT	QUAL	FILTER	INFO	FORMAT	sample
[post-run summary] total reads: 496, unparseable: 0, qc fail: 0, could not calibrate: 0, no alignment: 0, bad fast5: 496
##fileformat=VCFv4.2
##INFO=<ID=TotalReads,Number=1,Type=Integer,Description="The number of event-space reads used to call the variant">
##INFO=<ID=SupportFraction,Number=1,Type=Float,Description="The fraction of event-space reads that support the variant">
##INFO=<ID=BaseCalledReadsWithVariant,Number=1,Type=Integer,Description="The number of base-space reads that support the variant">
##INFO=<ID=BaseCalledFraction,Number=1,Type=Float,Description="The fraction of base-space reads that support the variant">
##INFO=<ID=AlleleCount,Number=1,Type=Integer,Description="The inferred number of copies of the allele">
##FORMAT=<ID=GT,Number=1,Type=String,Description="Genotype">
#CHROM	POS	ID	REF	ALT	QUAL	FILTER	INFO	FORMAT	sample
[post-run summary] total reads: 501, unparseable: 0, qc fail: 0, could not calibrate: 0, no alignment: 0, bad fast5: 501
##fileformat=VCFv4.2
##INFO=<ID=TotalReads,Number=1,Type=Integer,Description="The number of event-space reads used to call the variant">
##INFO=<ID=SupportFraction,Number=1,Type=Float,Description="The fraction of event-space reads that support the variant">
##INFO=<ID=BaseCalledReadsWithVariant,Number=1,Type=Integer,Description="The number of base-space reads that support the variant">
##INFO=<ID=BaseCalledFraction,Number=1,Type=Float,Description="The fraction of base-space reads that support the variant">
##INFO=<ID=AlleleCount,Number=1,Type=Integer,Description="The inferred number of copies of the allele">
##FORMAT=<ID=GT,Number=1,Type=String,Description="Genotype">
#CHROM	POS	ID	REF	ALT	QUAL	FILTER	INFO	FORMAT	sample
[post-run summary] total reads: 493, unparseable: 0, qc fail: 0, could not calibrate: 0, no alignment: 0, bad fast5: 493
##fileformat=VCFv4.2
##INFO=<ID=TotalReads,Number=1,Type=Integer,Description="The number of event-space reads used to call the variant">
##INFO=<ID=SupportFraction,Number=1,Type=Float,Description="The fraction of event-space reads that support the variant">
##INFO=<ID=BaseCalledReadsWithVariant,Number=1,Type=Integer,Description="The number of base-space reads that support the variant">
##INFO=<ID=BaseCalledFraction,Number=1,Type=Float,Description="The fraction of base-space reads that support the variant">
##INFO=<ID=AlleleCount,Number=1,Type=Integer,Description="The inferred number of copies of the allele">
##FORMAT=<ID=GT,Number=1,Type=String,Description="Genotype">
#CHROM	POS	ID	REF	ALT	QUAL	FILTER	INFO	FORMAT	sample
[post-run summary] total reads: 500, unparseable: 0, qc fail: 0, could not calibrate: 0, no alignment: 0, bad fast5: 500
##fileformat=VCFv4.2
##INFO=<ID=TotalReads,Number=1,Type=Integer,Description="The number of event-space reads used to call the variant">
##INFO=<ID=SupportFraction,Number=1,Type=Float,Description="The fraction of event-space reads that support the variant">
##INFO=<ID=BaseCalledReadsWithVariant,Number=1,Type=Integer,Description="The number of base-space reads that support the variant">
##INFO=<ID=BaseCalledFraction,Number=1,Type=Float,Description="The fraction of base-space reads that support the variant">
##INFO=<ID=AlleleCount,Number=1,Type=Integer,Description="The inferred number of copies of the allele">
##FORMAT=<ID=GT,Number=1,Type=String,Description="Genotype">
#CHROM	POS	ID	REF	ALT	QUAL	FILTER	INFO	FORMAT	sample
[post-run summary] total reads: 515, unparseable: 0, qc fail: 0, could not calibrate: 0, no alignment: 0, bad fast5: 515
##fileformat=VCFv4.2
##INFO=<ID=TotalReads,Number=1,Type=Integer,Description="The number of event-space reads used to call the variant">
##INFO=<ID=SupportFraction,Number=1,Type=Float,Description="The fraction of event-space reads that support the variant">
##INFO=<ID=BaseCalledReadsWithVariant,Number=1,Type=Integer,Description="The number of base-space reads that support the variant">
##INFO=<ID=BaseCalledFraction,Number=1,Type=Float,Description="The fraction of base-space reads that support the variant">
##INFO=<ID=AlleleCount,Number=1,Type=Integer,Description="The inferred number of copies of the allele">
##FORMAT=<ID=GT,Number=1,Type=String,Description="Genotype">
#CHROM	POS	ID	REF	ALT	QUAL	FILTER	INFO	FORMAT	sample
[post-run summary] total reads: 468, unparseable: 0, qc fail: 0, could not calibrate: 0, no alignment: 0, bad fast5: 468
##fileformat=VCFv4.2
##INFO=<ID=TotalReads,Number=1,Type=Integer,Description="The number of event-space reads used to call the variant">
##INFO=<ID=SupportFraction,Number=1,Type=Float,Description="The fraction of event-space reads that support the variant">
##INFO=<ID=BaseCalledReadsWithVariant,Number=1,Type=Integer,Description="The number of base-space reads that support the variant">
##INFO=<ID=BaseCalledFraction,Number=1,Type=Float,Description="The fraction of base-space reads that support the variant">
##INFO=<ID=AlleleCount,Number=1,Type=Integer,Description="The inferred number of copies of the allele">
##FORMAT=<ID=GT,Number=1,Type=String,Description="Genotype">
#CHROM	POS	ID	REF	ALT	QUAL	FILTER	INFO	FORMAT	sample
[post-run summary] total reads: 478, unparseable: 0, qc fail: 0, could not calibrate: 0, no alignment: 0, bad fast5: 478
##fileformat=VCFv4.2
##INFO=<ID=TotalReads,Number=1,Type=Integer,Description="The number of event-space reads used to call the variant">
##INFO=<ID=SupportFraction,Number=1,Type=Float,Description="The fraction of event-space reads that support the variant">
##INFO=<ID=BaseCalledReadsWithVariant,Number=1,Type=Integer,Description="The number of base-space reads that support the variant">
##INFO=<ID=BaseCalledFraction,Number=1,Type=Float,Description="The fraction of base-space reads that support the variant">
##INFO=<ID=AlleleCount,Number=1,Type=Integer,Description="The inferred number of copies of the allele">
##FORMAT=<ID=GT,Number=1,Type=String,Description="Genotype">
#CHROM	POS	ID	REF	ALT	QUAL	FILTER	INFO	FORMAT	sample
[post-run summary] total reads: 469, unparseable: 0, qc fail: 0, could not calibrate: 0, no alignment: 0, bad fast5: 469
##fileformat=VCFv4.2
##INFO=<ID=TotalReads,Number=1,Type=Integer,Description="The number of event-space reads used to call the variant">
##INFO=<ID=SupportFraction,Number=1,Type=Float,Description="The fraction of event-space reads that support the variant">
##INFO=<ID=BaseCalledReadsWithVariant,Number=1,Type=Integer,Description="The number of base-space reads that support the variant">
##INFO=<ID=BaseCalledFraction,Number=1,Type=Float,Description="The fraction of base-space reads that support the variant">
##INFO=<ID=AlleleCount,Number=1,Type=Integer,Description="The inferred number of copies of the allele">
##FORMAT=<ID=GT,Number=1,Type=String,Description="Genotype">
#CHROM	POS	ID	REF	ALT	QUAL	FILTER	INFO	FORMAT	sample
[post-run summary] total reads: 470, unparseable: 0, qc fail: 0, could not calibrate: 0, no alignment: 0, bad fast5: 470
##fileformat=VCFv4.2
##INFO=<ID=TotalReads,Number=1,Type=Integer,Description="The number of event-space reads used to call the variant">
##INFO=<ID=SupportFraction,Number=1,Type=Float,Description="The fraction of event-space reads that support the variant">
##INFO=<ID=BaseCalledReadsWithVariant,Number=1,Type=Integer,Description="The number of base-space reads that support the variant">
##INFO=<ID=BaseCalledFraction,Number=1,Type=Float,Description="The fraction of base-space reads that support the variant">
##INFO=<ID=AlleleCount,Number=1,Type=Integer,Description="The inferred number of copies of the allele">
##FORMAT=<ID=GT,Number=1,Type=String,Description="Genotype">
#CHROM	POS	ID	REF	ALT	QUAL	FILTER	INFO	FORMAT	sample
[post-run summary] total reads: 499, unparseable: 0, qc fail: 0, could not calibrate: 0, no alignment: 0, bad fast5: 499
##fileformat=VCFv4.2
##INFO=<ID=TotalReads,Number=1,Type=Integer,Description="The number of event-space reads used to call the variant">
##INFO=<ID=SupportFraction,Number=1,Type=Float,Description="The fraction of event-space reads that support the variant">
##INFO=<ID=BaseCalledReadsWithVariant,Number=1,Type=Integer,Description="The number of base-space reads that support the variant">
##INFO=<ID=BaseCalledFraction,Number=1,Type=Float,Description="The fraction of base-space reads that support the variant">
##INFO=<ID=AlleleCount,Number=1,Type=Integer,Description="The inferred number of copies of the allele">
##FORMAT=<ID=GT,Number=1,Type=String,Description="Genotype">
#CHROM	POS	ID	REF	ALT	QUAL	FILTER	INFO	FORMAT	sample
[post-run summary] total reads: 489, unparseable: 0, qc fail: 0, could not calibrate: 0, no alignment: 0, bad fast5: 489
##fileformat=VCFv4.2
##INFO=<ID=TotalReads,Number=1,Type=Integer,Description="The number of event-space reads used to call the variant">
##INFO=<ID=SupportFraction,Number=1,Type=Float,Description="The fraction of event-space reads that support the variant">
##INFO=<ID=BaseCalledReadsWithVariant,Number=1,Type=Integer,Description="The number of base-space reads that support the variant">
##INFO=<ID=BaseCalledFraction,Number=1,Type=Float,Description="The fraction of base-space reads that support the variant">
##INFO=<ID=AlleleCount,Number=1,Type=Integer,Description="The inferred number of copies of the allele">
##FORMAT=<ID=GT,Number=1,Type=String,Description="Genotype">
#CHROM	POS	ID	REF	ALT	QUAL	FILTER	INFO	FORMAT	sample
[post-run summary] total reads: 556, unparseable: 0, qc fail: 0, could not calibrate: 0, no alignment: 0, bad fast5: 556
##fileformat=VCFv4.2
##INFO=<ID=TotalReads,Number=1,Type=Integer,Description="The number of event-space reads used to call the variant">
##INFO=<ID=SupportFraction,Number=1,Type=Float,Description="The fraction of event-space reads that support the variant">
##INFO=<ID=BaseCalledReadsWithVariant,Number=1,Type=Integer,Description="The number of base-space reads that support the variant">
##INFO=<ID=BaseCalledFraction,Number=1,Type=Float,Description="The fraction of base-space reads that support the variant">
##INFO=<ID=AlleleCount,Number=1,Type=Integer,Description="The inferred number of copies of the allele">
##FORMAT=<ID=GT,Number=1,Type=String,Description="Genotype">
#CHROM	POS	ID	REF	ALT	QUAL	FILTER	INFO	FORMAT	sample
[post-run summary] total reads: 539, unparseable: 0, qc fail: 0, could not calibrate: 0, no alignment: 0, bad fast5: 539
##fileformat=VCFv4.2
##INFO=<ID=TotalReads,Number=1,Type=Integer,Description="The number of event-space reads used to call the variant">
##INFO=<ID=SupportFraction,Number=1,Type=Float,Description="The fraction of event-space reads that support the variant">
##INFO=<ID=BaseCalledReadsWithVariant,Number=1,Type=Integer,Description="The number of base-space reads that support the variant">
##INFO=<ID=BaseCalledFraction,Number=1,Type=Float,Description="The fraction of base-space reads that support the variant">
##INFO=<ID=AlleleCount,Number=1,Type=Integer,Description="The inferred number of copies of the allele">
##FORMAT=<ID=GT,Number=1,Type=String,Description="Genotype">
#CHROM	POS	ID	REF	ALT	QUAL	FILTER	INFO	FORMAT	sample
[post-run summary] total reads: 563, unparseable: 0, qc fail: 0, could not calibrate: 0, no alignment: 0, bad fast5: 563
##fileformat=VCFv4.2
##INFO=<ID=TotalReads,Number=1,Type=Integer,Description="The number of event-space reads used to call the variant">
##INFO=<ID=SupportFraction,Number=1,Type=Float,Description="The fraction of event-space reads that support the variant">
##INFO=<ID=BaseCalledReadsWithVariant,Number=1,Type=Integer,Description="The number of base-space reads that support the variant">
##INFO=<ID=BaseCalledFraction,Number=1,Type=Float,Description="The fraction of base-space reads that support the variant">
##INFO=<ID=AlleleCount,Number=1,Type=Integer,Description="The inferred number of copies of the allele">
##FORMAT=<ID=GT,Number=1,Type=String,Description="Genotype">
#CHROM	POS	ID	REF	ALT	QUAL	FILTER	INFO	FORMAT	sample
[post-run summary] total reads: 571, unparseable: 0, qc fail: 0, could not calibrate: 0, no alignment: 0, bad fast5: 571
##fileformat=VCFv4.2
##INFO=<ID=TotalReads,Number=1,Type=Integer,Description="The number of event-space reads used to call the variant">
##INFO=<ID=SupportFraction,Number=1,Type=Float,Description="The fraction of event-space reads that support the variant">
##INFO=<ID=BaseCalledReadsWithVariant,Number=1,Type=Integer,Description="The number of base-space reads that support the variant">
##INFO=<ID=BaseCalledFraction,Number=1,Type=Float,Description="The fraction of base-space reads that support the variant">
##INFO=<ID=AlleleCount,Number=1,Type=Integer,Description="The inferred number of copies of the allele">
##FORMAT=<ID=GT,Number=1,Type=String,Description="Genotype">
#CHROM	POS	ID	REF	ALT	QUAL	FILTER	INFO	FORMAT	sample
[post-run summary] total reads: 524, unparseable: 0, qc fail: 0, could not calibrate: 0, no alignment: 0, bad fast5: 524
##fileformat=VCFv4.2
##INFO=<ID=TotalReads,Number=1,Type=Integer,Description="The number of event-space reads used to call the variant">
##INFO=<ID=SupportFraction,Number=1,Type=Float,Description="The fraction of event-space reads that support the variant">
##INFO=<ID=BaseCalledReadsWithVariant,Number=1,Type=Integer,Description="The number of base-space reads that support the variant">
##INFO=<ID=BaseCalledFraction,Number=1,Type=Float,Description="The fraction of base-space reads that support the variant">
##INFO=<ID=AlleleCount,Number=1,Type=Integer,Description="The inferred number of copies of the allele">
##FORMAT=<ID=GT,Number=1,Type=String,Description="Genotype">
#CHROM	POS	ID	REF	ALT	QUAL	FILTER	INFO	FORMAT	sample
[post-run summary] total reads: 468, unparseable: 0, qc fail: 0, could not calibrate: 0, no alignment: 0, bad fast5: 468
##fileformat=VCFv4.2
##INFO=<ID=TotalReads,Number=1,Type=Integer,Description="The number of event-space reads used to call the variant">
##INFO=<ID=SupportFraction,Number=1,Type=Float,Description="The fraction of event-space reads that support the variant">
##INFO=<ID=BaseCalledReadsWithVariant,Number=1,Type=Integer,Description="The number of base-space reads that support the variant">
##INFO=<ID=BaseCalledFraction,Number=1,Type=Float,Description="The fraction of base-space reads that support the variant">
##INFO=<ID=AlleleCount,Number=1,Type=Integer,Description="The inferred number of copies of the allele">
##FORMAT=<ID=GT,Number=1,Type=String,Description="Genotype">
#CHROM	POS	ID	REF	ALT	QUAL	FILTER	INFO	FORMAT	sample
[post-run summary] total reads: 482, unparseable: 0, qc fail: 0, could not calibrate: 0, no alignment: 0, bad fast5: 482
##fileformat=VCFv4.2
##INFO=<ID=TotalReads,Number=1,Type=Integer,Description="The number of event-space reads used to call the variant">
##INFO=<ID=SupportFraction,Number=1,Type=Float,Description="The fraction of event-space reads that support the variant">
##INFO=<ID=BaseCalledReadsWithVariant,Number=1,Type=Integer,Description="The number of base-space reads that support the variant">
##INFO=<ID=BaseCalledFraction,Number=1,Type=Float,Description="The fraction of base-space reads that support the variant">
##INFO=<ID=AlleleCount,Number=1,Type=Integer,Description="The inferred number of copies of the allele">
##FORMAT=<ID=GT,Number=1,Type=String,Description="Genotype">
#CHROM	POS	ID	REF	ALT	QUAL	FILTER	INFO	FORMAT	sample
[post-run summary] total reads: 440, unparseable: 0, qc fail: 0, could not calibrate: 0, no alignment: 0, bad fast5: 440
##fileformat=VCFv4.2
##INFO=<ID=TotalReads,Number=1,Type=Integer,Description="The number of event-space reads used to call the variant">
##INFO=<ID=SupportFraction,Number=1,Type=Float,Description="The fraction of event-space reads that support the variant">
##INFO=<ID=BaseCalledReadsWithVariant,Number=1,Type=Integer,Description="The number of base-space reads that support the variant">
##INFO=<ID=BaseCalledFraction,Number=1,Type=Float,Description="The fraction of base-space reads that support the variant">
##INFO=<ID=AlleleCount,Number=1,Type=Integer,Description="The inferred number of copies of the allele">
##FORMAT=<ID=GT,Number=1,Type=String,Description="Genotype">
#CHROM	POS	ID	REF	ALT	QUAL	FILTER	INFO	FORMAT	sample
[post-run summary] total reads: 474, unparseable: 0, qc fail: 0, could not calibrate: 0, no alignment: 0, bad fast5: 474
##fileformat=VCFv4.2
##INFO=<ID=TotalReads,Number=1,Type=Integer,Description="The number of event-space reads used to call the variant">
##INFO=<ID=SupportFraction,Number=1,Type=Float,Description="The fraction of event-space reads that support the variant">
##INFO=<ID=BaseCalledReadsWithVariant,Number=1,Type=Integer,Description="The number of base-space reads that support the variant">
##INFO=<ID=BaseCalledFraction,Number=1,Type=Float,Description="The fraction of base-space reads that support the variant">
##INFO=<ID=AlleleCount,Number=1,Type=Integer,Description="The inferred number of copies of the allele">
##FORMAT=<ID=GT,Number=1,Type=String,Description="Genotype">
#CHROM	POS	ID	REF	ALT	QUAL	FILTER	INFO	FORMAT	sample
[post-run summary] total reads: 499, unparseable: 0, qc fail: 0, could not calibrate: 0, no alignment: 0, bad fast5: 499
##fileformat=VCFv4.2
##INFO=<ID=TotalReads,Number=1,Type=Integer,Description="The number of event-space reads used to call the variant">
##INFO=<ID=SupportFraction,Number=1,Type=Float,Description="The fraction of event-space reads that support the variant">
##INFO=<ID=BaseCalledReadsWithVariant,Number=1,Type=Integer,Description="The number of base-space reads that support the variant">
##INFO=<ID=BaseCalledFraction,Number=1,Type=Float,Description="The fraction of base-space reads that support the variant">
##INFO=<ID=AlleleCount,Number=1,Type=Integer,Description="The inferred number of copies of the allele">
##FORMAT=<ID=GT,Number=1,Type=String,Description="Genotype">
#CHROM	POS	ID	REF	ALT	QUAL	FILTER	INFO	FORMAT	sample
[post-run summary] total reads: 508, unparseable: 0, qc fail: 0, could not calibrate: 0, no alignment: 0, bad fast5: 508
##fileformat=VCFv4.2
##INFO=<ID=TotalReads,Number=1,Type=Integer,Description="The number of event-space reads used to call the variant">
##INFO=<ID=SupportFraction,Number=1,Type=Float,Description="The fraction of event-space reads that support the variant">
##INFO=<ID=BaseCalledReadsWithVariant,Number=1,Type=Integer,Description="The number of base-space reads that support the variant">
##INFO=<ID=BaseCalledFraction,Number=1,Type=Float,Description="The fraction of base-space reads that support the variant">
##INFO=<ID=AlleleCount,Number=1,Type=Integer,Description="The inferred number of copies of the allele">
##FORMAT=<ID=GT,Number=1,Type=String,Description="Genotype">
#CHROM	POS	ID	REF	ALT	QUAL	FILTER	INFO	FORMAT	sample
[post-run summary] total reads: 479, unparseable: 0, qc fail: 0, could not calibrate: 0, no alignment: 0, bad fast5: 479
##fileformat=VCFv4.2
##INFO=<ID=TotalReads,Number=1,Type=Integer,Description="The number of event-space reads used to call the variant">
##INFO=<ID=SupportFraction,Number=1,Type=Float,Description="The fraction of event-space reads that support the variant">
##INFO=<ID=BaseCalledReadsWithVariant,Number=1,Type=Integer,Description="The number of base-space reads that support the variant">
##INFO=<ID=BaseCalledFraction,Number=1,Type=Float,Description="The fraction of base-space reads that support the variant">
##INFO=<ID=AlleleCount,Number=1,Type=Integer,Description="The inferred number of copies of the allele">
##FORMAT=<ID=GT,Number=1,Type=String,Description="Genotype">
#CHROM	POS	ID	REF	ALT	QUAL	FILTER	INFO	FORMAT	sample
[post-run summary] total reads: 510, unparseable: 0, qc fail: 0, could not calibrate: 0, no alignment: 0, bad fast5: 510
##fileformat=VCFv4.2
##INFO=<ID=TotalReads,Number=1,Type=Integer,Description="The number of event-space reads used to call the variant">
##INFO=<ID=SupportFraction,Number=1,Type=Float,Description="The fraction of event-space reads that support the variant">
##INFO=<ID=BaseCalledReadsWithVariant,Number=1,Type=Integer,Description="The number of base-space reads that support the variant">
##INFO=<ID=BaseCalledFraction,Number=1,Type=Float,Description="The fraction of base-space reads that support the variant">
##INFO=<ID=AlleleCount,Number=1,Type=Integer,Description="The inferred number of copies of the allele">
##FORMAT=<ID=GT,Number=1,Type=String,Description="Genotype">
#CHROM	POS	ID	REF	ALT	QUAL	FILTER	INFO	FORMAT	sample
[post-run summary] total reads: 478, unparseable: 0, qc fail: 0, could not calibrate: 0, no alignment: 0, bad fast5: 478
##fileformat=VCFv4.2
##INFO=<ID=TotalReads,Number=1,Type=Integer,Description="The number of event-space reads used to call the variant">
##INFO=<ID=SupportFraction,Number=1,Type=Float,Description="The fraction of event-space reads that support the variant">
##INFO=<ID=BaseCalledReadsWithVariant,Number=1,Type=Integer,Description="The number of base-space reads that support the variant">
##INFO=<ID=BaseCalledFraction,Number=1,Type=Float,Description="The fraction of base-space reads that support the variant">
##INFO=<ID=AlleleCount,Number=1,Type=Integer,Description="The inferred number of copies of the allele">
##FORMAT=<ID=GT,Number=1,Type=String,Description="Genotype">
#CHROM	POS	ID	REF	ALT	QUAL	FILTER	INFO	FORMAT	sample
[post-run summary] total reads: 535, unparseable: 0, qc fail: 0, could not calibrate: 0, no alignment: 0, bad fast5: 535
##fileformat=VCFv4.2
##INFO=<ID=TotalReads,Number=1,Type=Integer,Description="The number of event-space reads used to call the variant">
##INFO=<ID=SupportFraction,Number=1,Type=Float,Description="The fraction of event-space reads that support the variant">
##INFO=<ID=BaseCalledReadsWithVariant,Number=1,Type=Integer,Description="The number of base-space reads that support the variant">
##INFO=<ID=BaseCalledFraction,Number=1,Type=Float,Description="The fraction of base-space reads that support the variant">
##INFO=<ID=AlleleCount,Number=1,Type=Integer,Description="The inferred number of copies of the allele">
##FORMAT=<ID=GT,Number=1,Type=String,Description="Genotype">
#CHROM	POS	ID	REF	ALT	QUAL	FILTER	INFO	FORMAT	sample
[post-run summary] total reads: 524, unparseable: 0, qc fail: 0, could not calibrate: 0, no alignment: 0, bad fast5: 524
##fileformat=VCFv4.2
##INFO=<ID=TotalReads,Number=1,Type=Integer,Description="The number of event-space reads used to call the variant">
##INFO=<ID=SupportFraction,Number=1,Type=Float,Description="The fraction of event-space reads that support the variant">
##INFO=<ID=BaseCalledReadsWithVariant,Number=1,Type=Integer,Description="The number of base-space reads that support the variant">
##INFO=<ID=BaseCalledFraction,Number=1,Type=Float,Description="The fraction of base-space reads that support the variant">
##INFO=<ID=AlleleCount,Number=1,Type=Integer,Description="The inferred number of copies of the allele">
##FORMAT=<ID=GT,Number=1,Type=String,Description="Genotype">
#CHROM	POS	ID	REF	ALT	QUAL	FILTER	INFO	FORMAT	sample
[post-run summary] total reads: 530, unparseable: 0, qc fail: 0, could not calibrate: 0, no alignment: 0, bad fast5: 530
##fileformat=VCFv4.2
##INFO=<ID=TotalReads,Number=1,Type=Integer,Description="The number of event-space reads used to call the variant">
##INFO=<ID=SupportFraction,Number=1,Type=Float,Description="The fraction of event-space reads that support the variant">
##INFO=<ID=BaseCalledReadsWithVariant,Number=1,Type=Integer,Description="The number of base-space reads that support the variant">
##INFO=<ID=BaseCalledFraction,Number=1,Type=Float,Description="The fraction of base-space reads that support the variant">
##INFO=<ID=AlleleCount,Number=1,Type=Integer,Description="The inferred number of copies of the allele">
##FORMAT=<ID=GT,Number=1,Type=String,Description="Genotype">
#CHROM	POS	ID	REF	ALT	QUAL	FILTER	INFO	FORMAT	sample
[post-run summary] total reads: 463, unparseable: 0, qc fail: 0, could not calibrate: 0, no alignment: 0, bad fast5: 463
##fileformat=VCFv4.2
##INFO=<ID=TotalReads,Number=1,Type=Integer,Description="The number of event-space reads used to call the variant">
##INFO=<ID=SupportFraction,Number=1,Type=Float,Description="The fraction of event-space reads that support the variant">
##INFO=<ID=BaseCalledReadsWithVariant,Number=1,Type=Integer,Description="The number of base-space reads that support the variant">
##INFO=<ID=BaseCalledFraction,Number=1,Type=Float,Description="The fraction of base-space reads that support the variant">
##INFO=<ID=AlleleCount,Number=1,Type=Integer,Description="The inferred number of copies of the allele">
##FORMAT=<ID=GT,Number=1,Type=String,Description="Genotype">
#CHROM	POS	ID	REF	ALT	QUAL	FILTER	INFO	FORMAT	sample
[post-run summary] total reads: 505, unparseable: 0, qc fail: 0, could not calibrate: 0, no alignment: 0, bad fast5: 505
##fileformat=VCFv4.2
##INFO=<ID=TotalReads,Number=1,Type=Integer,Description="The number of event-space reads used to call the variant">
##INFO=<ID=SupportFraction,Number=1,Type=Float,Description="The fraction of event-space reads that support the variant">
##INFO=<ID=BaseCalledReadsWithVariant,Number=1,Type=Integer,Description="The number of base-space reads that support the variant">
##INFO=<ID=BaseCalledFraction,Number=1,Type=Float,Description="The fraction of base-space reads that support the variant">
##INFO=<ID=AlleleCount,Number=1,Type=Integer,Description="The inferred number of copies of the allele">
##FORMAT=<ID=GT,Number=1,Type=String,Description="Genotype">
#CHROM	POS	ID	REF	ALT	QUAL	FILTER	INFO	FORMAT	sample
[post-run summary] total reads: 448, unparseable: 0, qc fail: 0, could not calibrate: 0, no alignment: 0, bad fast5: 448
##fileformat=VCFv4.2
##INFO=<ID=TotalReads,Number=1,Type=Integer,Description="The number of event-space reads used to call the variant">
##INFO=<ID=SupportFraction,Number=1,Type=Float,Description="The fraction of event-space reads that support the variant">
##INFO=<ID=BaseCalledReadsWithVariant,Number=1,Type=Integer,Description="The number of base-space reads that support the variant">
##INFO=<ID=BaseCalledFraction,Number=1,Type=Float,Description="The fraction of base-space reads that support the variant">
##INFO=<ID=AlleleCount,Number=1,Type=Integer,Description="The inferred number of copies of the allele">
##FORMAT=<ID=GT,Number=1,Type=String,Description="Genotype">
#CHROM	POS	ID	REF	ALT	QUAL	FILTER	INFO	FORMAT	sample
[post-run summary] total reads: 481, unparseable: 0, qc fail: 0, could not calibrate: 0, no alignment: 0, bad fast5: 481
##fileformat=VCFv4.2
##INFO=<ID=TotalReads,Number=1,Type=Integer,Description="The number of event-space reads used to call the variant">
##INFO=<ID=SupportFraction,Number=1,Type=Float,Description="The fraction of event-space reads that support the variant">
##INFO=<ID=BaseCalledReadsWithVariant,Number=1,Type=Integer,Description="The number of base-space reads that support the variant">
##INFO=<ID=BaseCalledFraction,Number=1,Type=Float,Description="The fraction of base-space reads that support the variant">
##INFO=<ID=AlleleCount,Number=1,Type=Integer,Description="The inferred number of copies of the allele">
##FORMAT=<ID=GT,Number=1,Type=String,Description="Genotype">
#CHROM	POS	ID	REF	ALT	QUAL	FILTER	INFO	FORMAT	sample
[post-run summary] total reads: 467, unparseable: 0, qc fail: 0, could not calibrate: 0, no alignment: 0, bad fast5: 467
##fileformat=VCFv4.2
##INFO=<ID=TotalReads,Number=1,Type=Integer,Description="The number of event-space reads used to call the variant">
##INFO=<ID=SupportFraction,Number=1,Type=Float,Description="The fraction of event-space reads that support the variant">
##INFO=<ID=BaseCalledReadsWithVariant,Number=1,Type=Integer,Description="The number of base-space reads that support the variant">
##INFO=<ID=BaseCalledFraction,Number=1,Type=Float,Description="The fraction of base-space reads that support the variant">
##INFO=<ID=AlleleCount,Number=1,Type=Integer,Description="The inferred number of copies of the allele">
##FORMAT=<ID=GT,Number=1,Type=String,Description="Genotype">
#CHROM	POS	ID	REF	ALT	QUAL	FILTER	INFO	FORMAT	sample
[post-run summary] total reads: 508, unparseable: 0, qc fail: 0, could not calibrate: 0, no alignment: 0, bad fast5: 508
##fileformat=VCFv4.2
##INFO=<ID=TotalReads,Number=1,Type=Integer,Description="The number of event-space reads used to call the variant">
##INFO=<ID=SupportFraction,Number=1,Type=Float,Description="The fraction of event-space reads that support the variant">
##INFO=<ID=BaseCalledReadsWithVariant,Number=1,Type=Integer,Description="The number of base-space reads that support the variant">
##INFO=<ID=BaseCalledFraction,Number=1,Type=Float,Description="The fraction of base-space reads that support the variant">
##INFO=<ID=AlleleCount,Number=1,Type=Integer,Description="The inferred number of copies of the allele">
##FORMAT=<ID=GT,Number=1,Type=String,Description="Genotype">
#CHROM	POS	ID	REF	ALT	QUAL	FILTER	INFO	FORMAT	sample
[post-run summary] total reads: 504, unparseable: 0, qc fail: 0, could not calibrate: 0, no alignment: 0, bad fast5: 504
##fileformat=VCFv4.2
##INFO=<ID=TotalReads,Number=1,Type=Integer,Description="The number of event-space reads used to call the variant">
##INFO=<ID=SupportFraction,Number=1,Type=Float,Description="The fraction of event-space reads that support the variant">
##INFO=<ID=BaseCalledReadsWithVariant,Number=1,Type=Integer,Description="The number of base-space reads that support the variant">
##INFO=<ID=BaseCalledFraction,Number=1,Type=Float,Description="The fraction of base-space reads that support the variant">
##INFO=<ID=AlleleCount,Number=1,Type=Integer,Description="The inferred number of copies of the allele">
##FORMAT=<ID=GT,Number=1,Type=String,Description="Genotype">
#CHROM	POS	ID	REF	ALT	QUAL	FILTER	INFO	FORMAT	sample
[post-run summary] total reads: 503, unparseable: 0, qc fail: 0, could not calibrate: 0, no alignment: 0, bad fast5: 503
##fileformat=VCFv4.2
##INFO=<ID=TotalReads,Number=1,Type=Integer,Description="The number of event-space reads used to call the variant">
##INFO=<ID=SupportFraction,Number=1,Type=Float,Description="The fraction of event-space reads that support the variant">
##INFO=<ID=BaseCalledReadsWithVariant,Number=1,Type=Integer,Description="The number of base-space reads that support the variant">
##INFO=<ID=BaseCalledFraction,Number=1,Type=Float,Description="The fraction of base-space reads that support the variant">
##INFO=<ID=AlleleCount,Number=1,Type=Integer,Description="The inferred number of copies of the allele">
##FORMAT=<ID=GT,Number=1,Type=String,Description="Genotype">
#CHROM	POS	ID	REF	ALT	QUAL	FILTER	INFO	FORMAT	sample
[post-run summary] total reads: 476, unparseable: 0, qc fail: 0, could not calibrate: 0, no alignment: 0, bad fast5: 476
##fileformat=VCFv4.2
##INFO=<ID=TotalReads,Number=1,Type=Integer,Description="The number of event-space reads used to call the variant">
##INFO=<ID=SupportFraction,Number=1,Type=Float,Description="The fraction of event-space reads that support the variant">
##INFO=<ID=BaseCalledReadsWithVariant,Number=1,Type=Integer,Description="The number of base-space reads that support the variant">
##INFO=<ID=BaseCalledFraction,Number=1,Type=Float,Description="The fraction of base-space reads that support the variant">
##INFO=<ID=AlleleCount,Number=1,Type=Integer,Description="The inferred number of copies of the allele">
##FORMAT=<ID=GT,Number=1,Type=String,Description="Genotype">
#CHROM	POS	ID	REF	ALT	QUAL	FILTER	INFO	FORMAT	sample
[post-run summary] total reads: 520, unparseable: 0, qc fail: 0, could not calibrate: 0, no alignment: 0, bad fast5: 520
##fileformat=VCFv4.2
##INFO=<ID=TotalReads,Number=1,Type=Integer,Description="The number of event-space reads used to call the variant">
##INFO=<ID=SupportFraction,Number=1,Type=Float,Description="The fraction of event-space reads that support the variant">
##INFO=<ID=BaseCalledReadsWithVariant,Number=1,Type=Integer,Description="The number of base-space reads that support the variant">
##INFO=<ID=BaseCalledFraction,Number=1,Type=Float,Description="The fraction of base-space reads that support the variant">
##INFO=<ID=AlleleCount,Number=1,Type=Integer,Description="The inferred number of copies of the allele">
##FORMAT=<ID=GT,Number=1,Type=String,Description="Genotype">
#CHROM	POS	ID	REF	ALT	QUAL	FILTER	INFO	FORMAT	sample
[post-run summary] total reads: 490, unparseable: 0, qc fail: 0, could not calibrate: 0, no alignment: 0, bad fast5: 490
##fileformat=VCFv4.2
##INFO=<ID=TotalReads,Number=1,Type=Integer,Description="The number of event-space reads used to call the variant">
##INFO=<ID=SupportFraction,Number=1,Type=Float,Description="The fraction of event-space reads that support the variant">
##INFO=<ID=BaseCalledReadsWithVariant,Number=1,Type=Integer,Description="The number of base-space reads that support the variant">
##INFO=<ID=BaseCalledFraction,Number=1,Type=Float,Description="The fraction of base-space reads that support the variant">
##INFO=<ID=AlleleCount,Number=1,Type=Integer,Description="The inferred number of copies of the allele">
##FORMAT=<ID=GT,Number=1,Type=String,Description="Genotype">
#CHROM	POS	ID	REF	ALT	QUAL	FILTER	INFO	FORMAT	sample
[post-run summary] total reads: 552, unparseable: 0, qc fail: 0, could not calibrate: 0, no alignment: 0, bad fast5: 552
##fileformat=VCFv4.2
##INFO=<ID=TotalReads,Number=1,Type=Integer,Description="The number of event-space reads used to call the variant">
##INFO=<ID=SupportFraction,Number=1,Type=Float,Description="The fraction of event-space reads that support the variant">
##INFO=<ID=BaseCalledReadsWithVariant,Number=1,Type=Integer,Description="The number of base-space reads that support the variant">
##INFO=<ID=BaseCalledFraction,Number=1,Type=Float,Description="The fraction of base-space reads that support the variant">
##INFO=<ID=AlleleCount,Number=1,Type=Integer,Description="The inferred number of copies of the allele">
##FORMAT=<ID=GT,Number=1,Type=String,Description="Genotype">
#CHROM	POS	ID	REF	ALT	QUAL	FILTER	INFO	FORMAT	sample
[post-run summary] total reads: 491, unparseable: 0, qc fail: 0, could not calibrate: 0, no alignment: 0, bad fast5: 491
##fileformat=VCFv4.2
##INFO=<ID=TotalReads,Number=1,Type=Integer,Description="The number of event-space reads used to call the variant">
##INFO=<ID=SupportFraction,Number=1,Type=Float,Description="The fraction of event-space reads that support the variant">
##INFO=<ID=BaseCalledReadsWithVariant,Number=1,Type=Integer,Description="The number of base-space reads that support the variant">
##INFO=<ID=BaseCalledFraction,Number=1,Type=Float,Description="The fraction of base-space reads that support the variant">
##INFO=<ID=AlleleCount,Number=1,Type=Integer,Description="The inferred number of copies of the allele">
##FORMAT=<ID=GT,Number=1,Type=String,Description="Genotype">
#CHROM	POS	ID	REF	ALT	QUAL	FILTER	INFO	FORMAT	sample
[post-run summary] total reads: 476, unparseable: 0, qc fail: 0, could not calibrate: 0, no alignment: 0, bad fast5: 476
##fileformat=VCFv4.2
##INFO=<ID=TotalReads,Number=1,Type=Integer,Description="The number of event-space reads used to call the variant">
##INFO=<ID=SupportFraction,Number=1,Type=Float,Description="The fraction of event-space reads that support the variant">
##INFO=<ID=BaseCalledReadsWithVariant,Number=1,Type=Integer,Description="The number of base-space reads that support the variant">
##INFO=<ID=BaseCalledFraction,Number=1,Type=Float,Description="The fraction of base-space reads that support the variant">
##INFO=<ID=AlleleCount,Number=1,Type=Integer,Description="The inferred number of copies of the allele">
##FORMAT=<ID=GT,Number=1,Type=String,Description="Genotype">
#CHROM	POS	ID	REF	ALT	QUAL	FILTER	INFO	FORMAT	sample
[post-run summary] total reads: 479, unparseable: 0, qc fail: 0, could not calibrate: 0, no alignment: 0, bad fast5: 479
##fileformat=VCFv4.2
##INFO=<ID=TotalReads,Number=1,Type=Integer,Description="The number of event-space reads used to call the variant">
##INFO=<ID=SupportFraction,Number=1,Type=Float,Description="The fraction of event-space reads that support the variant">
##INFO=<ID=BaseCalledReadsWithVariant,Number=1,Type=Integer,Description="The number of base-space reads that support the variant">
##INFO=<ID=BaseCalledFraction,Number=1,Type=Float,Description="The fraction of base-space reads that support the variant">
##INFO=<ID=AlleleCount,Number=1,Type=Integer,Description="The inferred number of copies of the allele">
##FORMAT=<ID=GT,Number=1,Type=String,Description="Genotype">
#CHROM	POS	ID	REF	ALT	QUAL	FILTER	INFO	FORMAT	sample
[post-run summary] total reads: 475, unparseable: 0, qc fail: 0, could not calibrate: 0, no alignment: 0, bad fast5: 475
##fileformat=VCFv4.2
##INFO=<ID=TotalReads,Number=1,Type=Integer,Description="The number of event-space reads used to call the variant">
##INFO=<ID=SupportFraction,Number=1,Type=Float,Description="The fraction of event-space reads that support the variant">
##INFO=<ID=BaseCalledReadsWithVariant,Number=1,Type=Integer,Description="The number of base-space reads that support the variant">
##INFO=<ID=BaseCalledFraction,Number=1,Type=Float,Description="The fraction of base-space reads that support the variant">
##INFO=<ID=AlleleCount,Number=1,Type=Integer,Description="The inferred number of copies of the allele">
##FORMAT=<ID=GT,Number=1,Type=String,Description="Genotype">
#CHROM	POS	ID	REF	ALT	QUAL	FILTER	INFO	FORMAT	sample
[post-run summary] total reads: 459, unparseable: 0, qc fail: 0, could not calibrate: 0, no alignment: 0, bad fast5: 459
##fileformat=VCFv4.2
##INFO=<ID=TotalReads,Number=1,Type=Integer,Description="The number of event-space reads used to call the variant">
##INFO=<ID=SupportFraction,Number=1,Type=Float,Description="The fraction of event-space reads that support the variant">
##INFO=<ID=BaseCalledReadsWithVariant,Number=1,Type=Integer,Description="The number of base-space reads that support the variant">
##INFO=<ID=BaseCalledFraction,Number=1,Type=Float,Description="The fraction of base-space reads that support the variant">
##INFO=<ID=AlleleCount,Number=1,Type=Integer,Description="The inferred number of copies of the allele">
##FORMAT=<ID=GT,Number=1,Type=String,Description="Genotype">
#CHROM	POS	ID	REF	ALT	QUAL	FILTER	INFO	FORMAT	sample
[post-run summary] total reads: 491, unparseable: 0, qc fail: 0, could not calibrate: 0, no alignment: 0, bad fast5: 491
##fileformat=VCFv4.2
##INFO=<ID=TotalReads,Number=1,Type=Integer,Description="The number of event-space reads used to call the variant">
##INFO=<ID=SupportFraction,Number=1,Type=Float,Description="The fraction of event-space reads that support the variant">
##INFO=<ID=BaseCalledReadsWithVariant,Number=1,Type=Integer,Description="The number of base-space reads that support the variant">
##INFO=<ID=BaseCalledFraction,Number=1,Type=Float,Description="The fraction of base-space reads that support the variant">
##INFO=<ID=AlleleCount,Number=1,Type=Integer,Description="The inferred number of copies of the allele">
##FORMAT=<ID=GT,Number=1,Type=String,Description="Genotype">
#CHROM	POS	ID	REF	ALT	QUAL	FILTER	INFO	FORMAT	sample
[post-run summary] total reads: 477, unparseable: 0, qc fail: 0, could not calibrate: 0, no alignment: 0, bad fast5: 477
##fileformat=VCFv4.2
##INFO=<ID=TotalReads,Number=1,Type=Integer,Description="The number of event-space reads used to call the variant">
##INFO=<ID=SupportFraction,Number=1,Type=Float,Description="The fraction of event-space reads that support the variant">
##INFO=<ID=BaseCalledReadsWithVariant,Number=1,Type=Integer,Description="The number of base-space reads that support the variant">
##INFO=<ID=BaseCalledFraction,Number=1,Type=Float,Description="The fraction of base-space reads that support the variant">
##INFO=<ID=AlleleCount,Number=1,Type=Integer,Description="The inferred number of copies of the allele">
##FORMAT=<ID=GT,Number=1,Type=String,Description="Genotype">
#CHROM	POS	ID	REF	ALT	QUAL	FILTER	INFO	FORMAT	sample
[post-run summary] total reads: 485, unparseable: 0, qc fail: 0, could not calibrate: 0, no alignment: 0, bad fast5: 485
##fileformat=VCFv4.2
##INFO=<ID=TotalReads,Number=1,Type=Integer,Description="The number of event-space reads used to call the variant">
##INFO=<ID=SupportFraction,Number=1,Type=Float,Description="The fraction of event-space reads that support the variant">
##INFO=<ID=BaseCalledReadsWithVariant,Number=1,Type=Integer,Description="The number of base-space reads that support the variant">
##INFO=<ID=BaseCalledFraction,Number=1,Type=Float,Description="The fraction of base-space reads that support the variant">
##INFO=<ID=AlleleCount,Number=1,Type=Integer,Description="The inferred number of copies of the allele">
##FORMAT=<ID=GT,Number=1,Type=String,Description="Genotype">
#CHROM	POS	ID	REF	ALT	QUAL	FILTER	INFO	FORMAT	sample
[post-run summary] total reads: 506, unparseable: 0, qc fail: 0, could not calibrate: 0, no alignment: 0, bad fast5: 506
##fileformat=VCFv4.2
##INFO=<ID=TotalReads,Number=1,Type=Integer,Description="The number of event-space reads used to call the variant">
##INFO=<ID=SupportFraction,Number=1,Type=Float,Description="The fraction of event-space reads that support the variant">
##INFO=<ID=BaseCalledReadsWithVariant,Number=1,Type=Integer,Description="The number of base-space reads that support the variant">
##INFO=<ID=BaseCalledFraction,Number=1,Type=Float,Description="The fraction of base-space reads that support the variant">
##INFO=<ID=AlleleCount,Number=1,Type=Integer,Description="The inferred number of copies of the allele">
##FORMAT=<ID=GT,Number=1,Type=String,Description="Genotype">
#CHROM	POS	ID	REF	ALT	QUAL	FILTER	INFO	FORMAT	sample
[post-run summary] total reads: 499, unparseable: 0, qc fail: 0, could not calibrate: 0, no alignment: 0, bad fast5: 499
##fileformat=VCFv4.2
##INFO=<ID=TotalReads,Number=1,Type=Integer,Description="The number of event-space reads used to call the variant">
##INFO=<ID=SupportFraction,Number=1,Type=Float,Description="The fraction of event-space reads that support the variant">
##INFO=<ID=BaseCalledReadsWithVariant,Number=1,Type=Integer,Description="The number of base-space reads that support the variant">
##INFO=<ID=BaseCalledFraction,Number=1,Type=Float,Description="The fraction of base-space reads that support the variant">
##INFO=<ID=AlleleCount,Number=1,Type=Integer,Description="The inferred number of copies of the allele">
##FORMAT=<ID=GT,Number=1,Type=String,Description="Genotype">
#CHROM	POS	ID	REF	ALT	QUAL	FILTER	INFO	FORMAT	sample
[post-run summary] total reads: 482, unparseable: 0, qc fail: 0, could not calibrate: 0, no alignment: 0, bad fast5: 482
##fileformat=VCFv4.2
##INFO=<ID=TotalReads,Number=1,Type=Integer,Description="The number of event-space reads used to call the variant">
##INFO=<ID=SupportFraction,Number=1,Type=Float,Description="The fraction of event-space reads that support the variant">
##INFO=<ID=BaseCalledReadsWithVariant,Number=1,Type=Integer,Description="The number of base-space reads that support the variant">
##INFO=<ID=BaseCalledFraction,Number=1,Type=Float,Description="The fraction of base-space reads that support the variant">
##INFO=<ID=AlleleCount,Number=1,Type=Integer,Description="The inferred number of copies of the allele">
##FORMAT=<ID=GT,Number=1,Type=String,Description="Genotype">
#CHROM	POS	ID	REF	ALT	QUAL	FILTER	INFO	FORMAT	sample
[post-run summary] total reads: 538, unparseable: 0, qc fail: 0, could not calibrate: 0, no alignment: 0, bad fast5: 538
##fileformat=VCFv4.2
##INFO=<ID=TotalReads,Number=1,Type=Integer,Description="The number of event-space reads used to call the variant">
##INFO=<ID=SupportFraction,Number=1,Type=Float,Description="The fraction of event-space reads that support the variant">
##INFO=<ID=BaseCalledReadsWithVariant,Number=1,Type=Integer,Description="The number of base-space reads that support the variant">
##INFO=<ID=BaseCalledFraction,Number=1,Type=Float,Description="The fraction of base-space reads that support the variant">
##INFO=<ID=AlleleCount,Number=1,Type=Integer,Description="The inferred number of copies of the allele">
##FORMAT=<ID=GT,Number=1,Type=String,Description="Genotype">
#CHROM	POS	ID	REF	ALT	QUAL	FILTER	INFO	FORMAT	sample
[post-run summary] total reads: 514, unparseable: 0, qc fail: 0, could not calibrate: 0, no alignment: 0, bad fast5: 514
##fileformat=VCFv4.2
##INFO=<ID=TotalReads,Number=1,Type=Integer,Description="The number of event-space reads used to call the variant">
##INFO=<ID=SupportFraction,Number=1,Type=Float,Description="The fraction of event-space reads that support the variant">
##INFO=<ID=BaseCalledReadsWithVariant,Number=1,Type=Integer,Description="The number of base-space reads that support the variant">
##INFO=<ID=BaseCalledFraction,Number=1,Type=Float,Description="The fraction of base-space reads that support the variant">
##INFO=<ID=AlleleCount,Number=1,Type=Integer,Description="The inferred number of copies of the allele">
##FORMAT=<ID=GT,Number=1,Type=String,Description="Genotype">
#CHROM	POS	ID	REF	ALT	QUAL	FILTER	INFO	FORMAT	sample
[post-run summary] total reads: 495, unparseable: 0, qc fail: 0, could not calibrate: 0, no alignment: 0, bad fast5: 495
##fileformat=VCFv4.2
##INFO=<ID=TotalReads,Number=1,Type=Integer,Description="The number of event-space reads used to call the variant">
##INFO=<ID=SupportFraction,Number=1,Type=Float,Description="The fraction of event-space reads that support the variant">
##INFO=<ID=BaseCalledReadsWithVariant,Number=1,Type=Integer,Description="The number of base-space reads that support the variant">
##INFO=<ID=BaseCalledFraction,Number=1,Type=Float,Description="The fraction of base-space reads that support the variant">
##INFO=<ID=AlleleCount,Number=1,Type=Integer,Description="The inferred number of copies of the allele">
##FORMAT=<ID=GT,Number=1,Type=String,Description="Genotype">
#CHROM	POS	ID	REF	ALT	QUAL	FILTER	INFO	FORMAT	sample
[post-run summary] total reads: 491, unparseable: 0, qc fail: 0, could not calibrate: 0, no alignment: 0, bad fast5: 491
##fileformat=VCFv4.2
##INFO=<ID=TotalReads,Number=1,Type=Integer,Description="The number of event-space reads used to call the variant">
##INFO=<ID=SupportFraction,Number=1,Type=Float,Description="The fraction of event-space reads that support the variant">
##INFO=<ID=BaseCalledReadsWithVariant,Number=1,Type=Integer,Description="The number of base-space reads that support the variant">
##INFO=<ID=BaseCalledFraction,Number=1,Type=Float,Description="The fraction of base-space reads that support the variant">
##INFO=<ID=AlleleCount,Number=1,Type=Integer,Description="The inferred number of copies of the allele">
##FORMAT=<ID=GT,Number=1,Type=String,Description="Genotype">
#CHROM	POS	ID	REF	ALT	QUAL	FILTER	INFO	FORMAT	sample
[post-run summary] total reads: 527, unparseable: 0, qc fail: 0, could not calibrate: 0, no alignment: 0, bad fast5: 527
##fileformat=VCFv4.2
##INFO=<ID=TotalReads,Number=1,Type=Integer,Description="The number of event-space reads used to call the variant">
##INFO=<ID=SupportFraction,Number=1,Type=Float,Description="The fraction of event-space reads that support the variant">
##INFO=<ID=BaseCalledReadsWithVariant,Number=1,Type=Integer,Description="The number of base-space reads that support the variant">
##INFO=<ID=BaseCalledFraction,Number=1,Type=Float,Description="The fraction of base-space reads that support the variant">
##INFO=<ID=AlleleCount,Number=1,Type=Integer,Description="The inferred number of copies of the allele">
##FORMAT=<ID=GT,Number=1,Type=String,Description="Genotype">
#CHROM	POS	ID	REF	ALT	QUAL	FILTER	INFO	FORMAT	sample
[post-run summary] total reads: 525, unparseable: 0, qc fail: 0, could not calibrate: 0, no alignment: 0, bad fast5: 525
##fileformat=VCFv4.2
##INFO=<ID=TotalReads,Number=1,Type=Integer,Description="The number of event-space reads used to call the variant">
##INFO=<ID=SupportFraction,Number=1,Type=Float,Description="The fraction of event-space reads that support the variant">
##INFO=<ID=BaseCalledReadsWithVariant,Number=1,Type=Integer,Description="The number of base-space reads that support the variant">
##INFO=<ID=BaseCalledFraction,Number=1,Type=Float,Description="The fraction of base-space reads that support the variant">
##INFO=<ID=AlleleCount,Number=1,Type=Integer,Description="The inferred number of copies of the allele">
##FORMAT=<ID=GT,Number=1,Type=String,Description="Genotype">
#CHROM	POS	ID	REF	ALT	QUAL	FILTER	INFO	FORMAT	sample
[post-run summary] total reads: 522, unparseable: 0, qc fail: 0, could not calibrate: 0, no alignment: 0, bad fast5: 522
##fileformat=VCFv4.2
##INFO=<ID=TotalReads,Number=1,Type=Integer,Description="The number of event-space reads used to call the variant">
##INFO=<ID=SupportFraction,Number=1,Type=Float,Description="The fraction of event-space reads that support the variant">
##INFO=<ID=BaseCalledReadsWithVariant,Number=1,Type=Integer,Description="The number of base-space reads that support the variant">
##INFO=<ID=BaseCalledFraction,Number=1,Type=Float,Description="The fraction of base-space reads that support the variant">
##INFO=<ID=AlleleCount,Number=1,Type=Integer,Description="The inferred number of copies of the allele">
##FORMAT=<ID=GT,Number=1,Type=String,Description="Genotype">
#CHROM	POS	ID	REF	ALT	QUAL	FILTER	INFO	FORMAT	sample
[post-run summary] total reads: 535, unparseable: 0, qc fail: 0, could not calibrate: 0, no alignment: 0, bad fast5: 535
##fileformat=VCFv4.2
##INFO=<ID=TotalReads,Number=1,Type=Integer,Description="The number of event-space reads used to call the variant">
##INFO=<ID=SupportFraction,Number=1,Type=Float,Description="The fraction of event-space reads that support the variant">
##INFO=<ID=BaseCalledReadsWithVariant,Number=1,Type=Integer,Description="The number of base-space reads that support the variant">
##INFO=<ID=BaseCalledFraction,Number=1,Type=Float,Description="The fraction of base-space reads that support the variant">
##INFO=<ID=AlleleCount,Number=1,Type=Integer,Description="The inferred number of copies of the allele">
##FORMAT=<ID=GT,Number=1,Type=String,Description="Genotype">
#CHROM	POS	ID	REF	ALT	QUAL	FILTER	INFO	FORMAT	sample
[post-run summary] total reads: 506, unparseable: 0, qc fail: 0, could not calibrate: 0, no alignment: 0, bad fast5: 506
##fileformat=VCFv4.2
##INFO=<ID=TotalReads,Number=1,Type=Integer,Description="The number of event-space reads used to call the variant">
##INFO=<ID=SupportFraction,Number=1,Type=Float,Description="The fraction of event-space reads that support the variant">
##INFO=<ID=BaseCalledReadsWithVariant,Number=1,Type=Integer,Description="The number of base-space reads that support the variant">
##INFO=<ID=BaseCalledFraction,Number=1,Type=Float,Description="The fraction of base-space reads that support the variant">
##INFO=<ID=AlleleCount,Number=1,Type=Integer,Description="The inferred number of copies of the allele">
##FORMAT=<ID=GT,Number=1,Type=String,Description="Genotype">
#CHROM	POS	ID	REF	ALT	QUAL	FILTER	INFO	FORMAT	sample
[post-run summary] total reads: 485, unparseable: 0, qc fail: 0, could not calibrate: 0, no alignment: 0, bad fast5: 485

